Using pre-set license
Built from '2020.3/release' branch; Version is '2020.3.12f1 (b3b2c6512326) revision 11776710'; Using compiler version '192528614'; Build Type 'Release'
OS: 'Windows 10 Home; OS build 18363.1440; Version 1909; 64bit' Language: 'en' Physical Memory: 6091 MB
BatchMode: 1, IsHumanControllingUs: 0, StartBugReporterOnCrash: 0, Is64bit: 1, IsPro: 0

 COMMAND LINE ARGUMENTS:
D:\Unity\Editor\Unity.exe
-adb2
-batchMode
-noUpm
-name
AssetImportWorker1
-projectPath
C:/Users/mbqua/Desktop/Projects/LD49/LD49
-logFile
Logs/AssetImportWorker1.log
-srvPort
54202
Successfully changed project path to: C:/Users/mbqua/Desktop/Projects/LD49/LD49
C:/Users/mbqua/Desktop/Projects/LD49/LD49
Using Asset Import Pipeline V2.
Refreshing native plugins compatible for Editor in 128.75 ms, found 3 plugins.
Preloading 0 native plugins for Editor in 0.00 ms.
Initialize engine version: 2020.3.12f1 (b3b2c6512326)
[Subsystems] Discovering subsystems at path D:/Unity/Editor/Data/Resources/UnitySubsystems
[Subsystems] Discovering subsystems at path C:/Users/mbqua/Desktop/Projects/LD49/LD49/Assets
GfxDevice: creating device client; threaded=0
Direct3D:
    Version:  Direct3D 11.0 [level 11.1]
    Renderer: AMD Radeon(TM) Vega 8 Graphics (ID=0x15d8)
    Vendor:   
    VRAM:     3045 MB
    Driver:   27.20.14544.6
Initialize mono
Mono path[0] = 'D:/Unity/Editor/Data/Managed'
Mono path[1] = 'D:/Unity/Editor/Data/MonoBleedingEdge/lib/mono/unityjit'
Mono config path = 'D:/Unity/Editor/Data/MonoBleedingEdge/etc'
Using monoOptions --debugger-agent=transport=dt_socket,embedding=1,server=y,suspend=n,address=127.0.0.1:56304
Begin MonoManager ReloadAssembly
Registering precompiled unity dll's ...
Register platform support module: D:/Unity/Editor/Data/PlaybackEngines/WindowsStandaloneSupport/UnityEditor.WindowsStandalone.Extensions.dll
Registered in 0.002816 seconds.
Native extension for WindowsStandalone target not found
Refreshing native plugins compatible for Editor in 125.76 ms, found 3 plugins.
Preloading 0 native plugins for Editor in 0.00 ms.
Mono: successfully reloaded assembly
- Completed reload, in  2.715 seconds
Platform modules already initialized, skipping
Registering precompiled user dll's ...
Registered in 0.013887 seconds.
Begin MonoManager ReloadAssembly
Native extension for WindowsStandalone target not found
Refreshing native plugins compatible for Editor in 114.32 ms, found 3 plugins.
Preloading 0 native plugins for Editor in 0.00 ms.
Mono: successfully reloaded assembly
- Completed reload, in  3.920 seconds
Platform modules already initialized, skipping
========================================================================
Worker process is ready to serve import requests
Launched and connected shader compiler UnityShaderCompiler.exe after 0.31 seconds
Refreshing native plugins compatible for Editor in 0.95 ms, found 3 plugins.
Preloading 0 native plugins for Editor in 0.00 ms.
Unloading 2092 Unused Serialized files (Serialized files now loaded: 0)
System memory in use before: 93.1 MB.
System memory in use after: 93.2 MB.

Unloading 28 unused Assets to reduce memory usage. Loaded Objects now: 2532.
Total: 7.213900 ms (FindLiveObjects: 0.545600 ms CreateObjectMapping: 0.134100 ms MarkObjects: 6.340100 ms  DeleteObjects: 0.190700 ms)

AssetImportParameters requested are different than current active one (requested -> active):
  custom:framework-win-MediaFoundation: 216162199b28c13a410421893ffa2e32 -> 
  custom:video-decoder-ogg-theora: a1e56fd34408186e4bbccfd4996cb3dc -> 
  custom:container-muxer-webm: aa71ff27fc2769a1b78a27578f13a17b -> 
  custom:container-demuxer-webm: 4f35f7cbe854078d1ac9338744f61a02 -> 
  custom:container-demuxer-ogg: 62fdf1f143b41e24485cea50d1cbac27 -> 
  custom:video-encoder-webm-vp8: eb34c28f22e8b96e1ab97ce403110664 -> 
  custom:video-decoder-webm-vp8: 9c59270c3fd7afecdb556c50c9e8de78 -> 
  custom:audio-decoder-ogg-vorbis: bf7c407c2cedff20999df2af8eb42d56 -> 
  custom:audio-encoder-webm-vorbis: bf7c407c2cedff20999df2af8eb42d56 -> 
========================================================================
Received Import Request.
  path: Assets/Prefabs/Bar.prefab
  artifactKey: Guid(09a30d1ddf69e974fb796eddedcdc781) Importer(815301076,1909f56bfc062723c751e8b465ee728b)
Start importing Assets/Prefabs/Bar.prefab using Guid(09a30d1ddf69e974fb796eddedcdc781) Importer(815301076,1909f56bfc062723c751e8b465ee728b)  -> (artifact id: '9ec363b5ae7dba98964c6eb20e4ad095') in 0.463789 seconds 
  Import took 0.475636 seconds .

========================================================================
Received Import Request.
  Time since last request: 0.000509 seconds.
  path: Assets/Prefabs/ParcelSpawn.prefab
  artifactKey: Guid(752417a9ccb4dc041b3d8b079e37a288) Importer(815301076,1909f56bfc062723c751e8b465ee728b)
Start importing Assets/Prefabs/ParcelSpawn.prefab using Guid(752417a9ccb4dc041b3d8b079e37a288) Importer(815301076,1909f56bfc062723c751e8b465ee728b)  -> (artifact id: 'c9defddd3daeab4e06bd76d28a20c8c8') in 0.028839 seconds 
  Import took 0.039558 seconds .

========================================================================
Received Import Request.
  Time since last request: 0.000419 seconds.
  path: Assets/Prefabs/Player.prefab
  artifactKey: Guid(251de5147a7c2554285bf8eaba862058) Importer(815301076,1909f56bfc062723c751e8b465ee728b)
Start importing Assets/Prefabs/Player.prefab using Guid(251de5147a7c2554285bf8eaba862058) Importer(815301076,1909f56bfc062723c751e8b465ee728b)  -> (artifact id: 'b7f8b25ba8829d3cef969aa339a1245a') in 0.047055 seconds 
  Import took 0.057505 seconds .

========================================================================
Received Import Request.
  Time since last request: 0.000566 seconds.
  path: Assets/Prefabs/Building.prefab
  artifactKey: Guid(3148db1b1c48a8646bc7526039da15cf) Importer(815301076,1909f56bfc062723c751e8b465ee728b)
Start importing Assets/Prefabs/Building.prefab using Guid(3148db1b1c48a8646bc7526039da15cf) Importer(815301076,1909f56bfc062723c751e8b465ee728b)  -> (artifact id: 'c51bce3f9d53752dc6dad796c5513eba') in 0.106284 seconds 
  Import took 0.118645 seconds .

========================================================================
Received Import Request.
  Time since last request: 0.000422 seconds.
  path: Assets/Prefabs/ParcelIcon.prefab
  artifactKey: Guid(2add546bb5dc71146ad7d77d99285dbb) Importer(815301076,1909f56bfc062723c751e8b465ee728b)
Start importing Assets/Prefabs/ParcelIcon.prefab using Guid(2add546bb5dc71146ad7d77d99285dbb) Importer(815301076,1909f56bfc062723c751e8b465ee728b)  -> (artifact id: 'f5b4be4017d4c01c591314a6c4537b8f') in 0.058344 seconds 
  Import took 0.070057 seconds .

========================================================================
Received Import Request.
  Time since last request: 0.000437 seconds.
  path: Assets/Prefabs/ParcelSpawner.prefab
  artifactKey: Guid(aeae40616d6e87e479faaab42ccdfba9) Importer(815301076,1909f56bfc062723c751e8b465ee728b)
Start importing Assets/Prefabs/ParcelSpawner.prefab using Guid(aeae40616d6e87e479faaab42ccdfba9) Importer(815301076,1909f56bfc062723c751e8b465ee728b)  -> (artifact id: '0e1cebdce7c49bdd926f9f9e46e3c536') in 0.036484 seconds 
  Import took 0.044942 seconds .

========================================================================
Received Import Request.
  Time since last request: 0.000428 seconds.
  path: Assets/Prefabs/EnergyBar.prefab
  artifactKey: Guid(07ebbbf933967114fb376d13b969506b) Importer(815301076,1909f56bfc062723c751e8b465ee728b)
Start importing Assets/Prefabs/EnergyBar.prefab using Guid(07ebbbf933967114fb376d13b969506b) Importer(815301076,1909f56bfc062723c751e8b465ee728b)  -> (artifact id: 'a1f6126d10f443778d9e2df8adb16c8a') in 0.035628 seconds 
  Import took 0.044075 seconds .

========================================================================
Received Import Request.
  Time since last request: 0.000354 seconds.
  path: Assets/Prefabs/DropOff.prefab
  artifactKey: Guid(2056683b8e232c04a9cd96471681bfbc) Importer(815301076,1909f56bfc062723c751e8b465ee728b)
Start importing Assets/Prefabs/DropOff.prefab using Guid(2056683b8e232c04a9cd96471681bfbc) Importer(815301076,1909f56bfc062723c751e8b465ee728b)  -> (artifact id: 'ddaaca35f839c02e2ee0cd176d660fb4') in 0.030678 seconds 
  Import took 0.038309 seconds .

========================================================================
Received Import Request.
  Time since last request: 0.000396 seconds.
  path: Assets/Prefabs/Parcel.prefab
  artifactKey: Guid(cbded3c9e543ecf44b57fb5c29903e39) Importer(815301076,1909f56bfc062723c751e8b465ee728b)
Start importing Assets/Prefabs/Parcel.prefab using Guid(cbded3c9e543ecf44b57fb5c29903e39) Importer(815301076,1909f56bfc062723c751e8b465ee728b)  -> (artifact id: '9e5bcd1c04854ea5c14dd7103d6037fc') in 0.032407 seconds 
  Import took 0.040705 seconds .

========================================================================
Received Import Request.
  Time since last request: 0.000366 seconds.
  path: Assets/Prefabs/Collision.prefab
  artifactKey: Guid(e2cb7658b4350b142af931634f4ed0dd) Importer(815301076,1909f56bfc062723c751e8b465ee728b)
Start importing Assets/Prefabs/Collision.prefab using Guid(e2cb7658b4350b142af931634f4ed0dd) Importer(815301076,1909f56bfc062723c751e8b465ee728b)  -> (artifact id: '07d36c3accfd9b6d206cb2c02f8b6dc2') in 0.046340 seconds 
  Import took 0.054694 seconds .

========================================================================
Received Import Request.
  Time since last request: 0.000442 seconds.
  path: Assets/Prefabs/GameManager.prefab
  artifactKey: Guid(b889211af3917e74b9e47c328279b771) Importer(815301076,1909f56bfc062723c751e8b465ee728b)
Start importing Assets/Prefabs/GameManager.prefab using Guid(b889211af3917e74b9e47c328279b771) Importer(815301076,1909f56bfc062723c751e8b465ee728b)  -> (artifact id: 'c7cb6f359d3a8af4963f908070ee8f27') in 0.024721 seconds 
  Import took 0.034851 seconds .

========================================================================
Received Import Request.
  Time since last request: 0.000425 seconds.
  path: Assets/Prefabs/PostOffice.prefab
  artifactKey: Guid(0771064b11a8fad4bae64545f0e4bb2f) Importer(815301076,1909f56bfc062723c751e8b465ee728b)
Start importing Assets/Prefabs/PostOffice.prefab using Guid(0771064b11a8fad4bae64545f0e4bb2f) Importer(815301076,1909f56bfc062723c751e8b465ee728b)  -> (artifact id: '0fbd85cc7e65d01b15d0bb89576c61ef') in 0.050497 seconds 
  Import took 0.060713 seconds .

========================================================================
Received Import Request.
  Time since last request: 1.809144 seconds.
  path: Assets/Prefabs/Bar.prefab
  artifactKey: Guid(09a30d1ddf69e974fb796eddedcdc781) Importer(815301076,1909f56bfc062723c751e8b465ee728b)
Start importing Assets/Prefabs/Bar.prefab using Guid(09a30d1ddf69e974fb796eddedcdc781) Importer(815301076,1909f56bfc062723c751e8b465ee728b)  -> (artifact id: '3ef04f190bc1d99581c77b08b1395541') in 0.040703 seconds 
  Import took 0.050647 seconds .

========================================================================
Received Import Request.
  Time since last request: 0.000384 seconds.
  path: Assets/Prefabs/EnergyBar.prefab
  artifactKey: Guid(07ebbbf933967114fb376d13b969506b) Importer(815301076,1909f56bfc062723c751e8b465ee728b)
Start importing Assets/Prefabs/EnergyBar.prefab using Guid(07ebbbf933967114fb376d13b969506b) Importer(815301076,1909f56bfc062723c751e8b465ee728b)  -> (artifact id: '4a74c460cd285bb3e7c97eb68d980705') in 0.024747 seconds 
  Import took 0.033294 seconds .

========================================================================
Received Import Request.
  Time since last request: 0.000369 seconds.
  path: Assets/Prefabs/Parcel.prefab
  artifactKey: Guid(cbded3c9e543ecf44b57fb5c29903e39) Importer(815301076,1909f56bfc062723c751e8b465ee728b)
Start importing Assets/Prefabs/Parcel.prefab using Guid(cbded3c9e543ecf44b57fb5c29903e39) Importer(815301076,1909f56bfc062723c751e8b465ee728b)  -> (artifact id: 'e26e5cbf1aa3d7e86654b27647793b32') in 0.027403 seconds 
  Import took 0.036192 seconds .

========================================================================
Received Import Request.
  Time since last request: 0.000399 seconds.
  path: Assets/Prefabs/Bar.prefab
  artifactKey: Guid(09a30d1ddf69e974fb796eddedcdc781) Importer(815301076,1909f56bfc062723c751e8b465ee728b)
Start importing Assets/Prefabs/Bar.prefab using Guid(09a30d1ddf69e974fb796eddedcdc781) Importer(815301076,1909f56bfc062723c751e8b465ee728b)  -> (artifact id: '3ef04f190bc1d99581c77b08b1395541') in 0.026034 seconds 
  Import took 0.034425 seconds .

========================================================================
Received Import Request.
  Time since last request: 0.000449 seconds.
  path: Assets/Prefabs/EnergyBar.prefab
  artifactKey: Guid(07ebbbf933967114fb376d13b969506b) Importer(815301076,1909f56bfc062723c751e8b465ee728b)
Start importing Assets/Prefabs/EnergyBar.prefab using Guid(07ebbbf933967114fb376d13b969506b) Importer(815301076,1909f56bfc062723c751e8b465ee728b)  -> (artifact id: '4a74c460cd285bb3e7c97eb68d980705') in 0.034693 seconds 
  Import took 0.042897 seconds .

========================================================================
Received Import Request.
  Time since last request: 6.959349 seconds.
  path: Assets/Prefabs/Parcel.prefab
  artifactKey: Guid(cbded3c9e543ecf44b57fb5c29903e39) Importer(815301076,1909f56bfc062723c751e8b465ee728b)
Start importing Assets/Prefabs/Parcel.prefab using Guid(cbded3c9e543ecf44b57fb5c29903e39) Importer(815301076,1909f56bfc062723c751e8b465ee728b)  -> (artifact id: 'fe730ec0101f1c61d32f7dcaa1b05505') in 1.285528 seconds 
  Import took 1.305499 seconds .

========================================================================
Received Import Request.
  Time since last request: 2.689273 seconds.
  path: Assets/Prefabs/EnergyBar.prefab
  artifactKey: Guid(07ebbbf933967114fb376d13b969506b) Importer(815301076,1909f56bfc062723c751e8b465ee728b)
Start importing Assets/Prefabs/EnergyBar.prefab using Guid(07ebbbf933967114fb376d13b969506b) Importer(815301076,1909f56bfc062723c751e8b465ee728b)  -> (artifact id: '9d21638104dbcf50efbfe0bb054c6a03') in 0.039983 seconds 
  Import took 0.058752 seconds .

========================================================================
Received Import Request.
  Time since last request: 2185.222118 seconds.
  path: Assets/Resources/Building (PlaceHolder).png
  artifactKey: Guid(7e1f47ec02a46824f90242858e96db2f) Importer(815301076,1909f56bfc062723c751e8b465ee728b)
Start importing Assets/Resources/Building (PlaceHolder).png using Guid(7e1f47ec02a46824f90242858e96db2f) Importer(815301076,1909f56bfc062723c751e8b465ee728b)  -> (artifact id: '91d63949a31f9af02dfb48bb1571d406') in 0.208057 seconds 
  Import took 0.218827 seconds .

========================================================================
Received Import Request.
  Time since last request: 0.000368 seconds.
  path: Assets/Resources/Collision (PlaceHolder).png
  artifactKey: Guid(fe4647b5575c4cc4aa1635a3a05ab66a) Importer(815301076,1909f56bfc062723c751e8b465ee728b)
Start importing Assets/Resources/Collision (PlaceHolder).png using Guid(fe4647b5575c4cc4aa1635a3a05ab66a) Importer(815301076,1909f56bfc062723c751e8b465ee728b)  -> (artifact id: '4864d2ae720e2330ab41575be48008ae') in 0.047504 seconds 
  Import took 0.057501 seconds .

========================================================================
Received Import Request.
  Time since last request: 0.000437 seconds.
  path: Assets/Resources/EnergyBar.png
  artifactKey: Guid(f80fa841cb89f264d8fbc7e22f6882d8) Importer(815301076,1909f56bfc062723c751e8b465ee728b)
Start importing Assets/Resources/EnergyBar.png using Guid(f80fa841cb89f264d8fbc7e22f6882d8) Importer(815301076,1909f56bfc062723c751e8b465ee728b)  -> (artifact id: 'b51a6626f3ee32ad8af93e53330001de') in 0.037995 seconds 
  Import took 0.047752 seconds .

========================================================================
Received Import Request.
  Time since last request: 0.000424 seconds.
  path: Assets/Resources/Player.png
  artifactKey: Guid(8ac9b05dc2e505443b3e6ec8e42d004a) Importer(815301076,1909f56bfc062723c751e8b465ee728b)
Start importing Assets/Resources/Player.png using Guid(8ac9b05dc2e505443b3e6ec8e42d004a) Importer(815301076,1909f56bfc062723c751e8b465ee728b)  -> (artifact id: '78d4ba0f52f45628ea953fa5ef0ce378') in 0.043574 seconds 
  Import took 0.053036 seconds .

========================================================================
Received Import Request.
  Time since last request: 0.000440 seconds.
  path: Assets/Resources/PostOffice (PlaceHolder).png
  artifactKey: Guid(daa1e798b99039b4ba8c6a797111f051) Importer(815301076,1909f56bfc062723c751e8b465ee728b)
Start importing Assets/Resources/PostOffice (PlaceHolder).png using Guid(daa1e798b99039b4ba8c6a797111f051) Importer(815301076,1909f56bfc062723c751e8b465ee728b)  -> (artifact id: 'c6ccc7e316e0c2d2da21ec8725ebaf56') in 0.058798 seconds 
  Import took 0.069179 seconds .

========================================================================
Received Import Request.
  Time since last request: 0.000446 seconds.
  path: Assets/Resources/PostOffice.png
  artifactKey: Guid(85fcdf65ce8d58c408363845a2f03134) Importer(815301076,1909f56bfc062723c751e8b465ee728b)
Start importing Assets/Resources/PostOffice.png using Guid(85fcdf65ce8d58c408363845a2f03134) Importer(815301076,1909f56bfc062723c751e8b465ee728b)  -> (artifact id: '20d82846ebd265d12c50e221e32ac2ce') in 0.041205 seconds 
  Import took 0.050181 seconds .

========================================================================
Received Import Request.
  Time since last request: 0.000455 seconds.
  path: Assets/Resources/PO Parcel Icon (PlaceHolder).png
  artifactKey: Guid(aeadc0c7d7d7fd541a9d07e4b4b8f81f) Importer(815301076,1909f56bfc062723c751e8b465ee728b)
Start importing Assets/Resources/PO Parcel Icon (PlaceHolder).png using Guid(aeadc0c7d7d7fd541a9d07e4b4b8f81f) Importer(815301076,1909f56bfc062723c751e8b465ee728b)  -> (artifact id: '38b0bf18d5e661710463215600d32b74') in 0.041249 seconds 
  Import took 0.049692 seconds .

========================================================================
Received Import Request.
  Time since last request: 0.000395 seconds.
  path: Assets/Resources/LoadingBar (PlaceHolder).png
  artifactKey: Guid(09475fb49142aab408dd184e54be3c9c) Importer(815301076,1909f56bfc062723c751e8b465ee728b)
Start importing Assets/Resources/LoadingBar (PlaceHolder).png using Guid(09475fb49142aab408dd184e54be3c9c) Importer(815301076,1909f56bfc062723c751e8b465ee728b)  -> (artifact id: 'ddd244fdaff9709183b22ae24abd82eb') in 0.039817 seconds 
  Import took 0.050643 seconds .

========================================================================
Received Import Request.
  Time since last request: 0.000626 seconds.
  path: Assets/Resources/Parcel Icon (PlaceHolder).png
  artifactKey: Guid(f4a2833969ba308448bfd64d7c498e0f) Importer(815301076,1909f56bfc062723c751e8b465ee728b)
Start importing Assets/Resources/Parcel Icon (PlaceHolder).png using Guid(f4a2833969ba308448bfd64d7c498e0f) Importer(815301076,1909f56bfc062723c751e8b465ee728b)  -> (artifact id: 'ad0ceb552b42fd9e4d7d8d35f30251b1') in 0.042467 seconds 
  Import took 0.054544 seconds .

========================================================================
Received Import Request.
  Time since last request: 0.000545 seconds.
  path: Assets/Resources/PODropoff (PlaceHolder).png
  artifactKey: Guid(1f4d7e2b0d6e6b8498b24afa43caea63) Importer(815301076,1909f56bfc062723c751e8b465ee728b)
Start importing Assets/Resources/PODropoff (PlaceHolder).png using Guid(1f4d7e2b0d6e6b8498b24afa43caea63) Importer(815301076,1909f56bfc062723c751e8b465ee728b)  -> (artifact id: '79924431b235bc311708fc9509c2b04e') in 0.039966 seconds 
  Import took 0.049419 seconds .

========================================================================
Received Import Request.
  Time since last request: 10.297361 seconds.
  path: Assets/Resources/Player.png
  artifactKey: Guid(8ac9b05dc2e505443b3e6ec8e42d004a) Importer(815301076,1909f56bfc062723c751e8b465ee728b)
Start importing Assets/Resources/Player.png using Guid(8ac9b05dc2e505443b3e6ec8e42d004a) Importer(815301076,1909f56bfc062723c751e8b465ee728b)  -> (artifact id: 'e4b750ec50766ee52205b001ce47953f') in 0.038441 seconds 
  Import took 0.048017 seconds .

========================================================================
Received Import Request.
  Time since last request: 0.020362 seconds.
  path: Assets/Resources/Player.png
  artifactKey: Guid(8ac9b05dc2e505443b3e6ec8e42d004a) Importer(815301076,1909f56bfc062723c751e8b465ee728b)
Start importing Assets/Resources/Player.png using Guid(8ac9b05dc2e505443b3e6ec8e42d004a) Importer(815301076,1909f56bfc062723c751e8b465ee728b)  -> (artifact id: 'e4b750ec50766ee52205b001ce47953f') in 0.026928 seconds 
  Import took 0.037131 seconds .

========================================================================
Received Import Request.
  Time since last request: 3.873488 seconds.
  path: Assets/Resources/Player.png
  artifactKey: Guid(8ac9b05dc2e505443b3e6ec8e42d004a) Importer(815301076,1909f56bfc062723c751e8b465ee728b)
Start importing Assets/Resources/Player.png using Guid(8ac9b05dc2e505443b3e6ec8e42d004a) Importer(815301076,1909f56bfc062723c751e8b465ee728b)  -> (artifact id: 'b6c6831987889793b9e08564a9ba4def') in 0.025984 seconds 
  Import took 0.043788 seconds .

========================================================================
Received Import Request.
  Time since last request: 0.023054 seconds.
  path: Assets/Resources/Player.png
  artifactKey: Guid(8ac9b05dc2e505443b3e6ec8e42d004a) Importer(815301076,1909f56bfc062723c751e8b465ee728b)
Start importing Assets/Resources/Player.png using Guid(8ac9b05dc2e505443b3e6ec8e42d004a) Importer(815301076,1909f56bfc062723c751e8b465ee728b)  -> (artifact id: 'b6c6831987889793b9e08564a9ba4def') in 0.023723 seconds 
  Import took 0.036494 seconds .

========================================================================
Received Import Request.
  Time since last request: 11.258909 seconds.
  path: Assets/Resources/Player.png
  artifactKey: Guid(8ac9b05dc2e505443b3e6ec8e42d004a) Importer(815301076,1909f56bfc062723c751e8b465ee728b)
Start importing Assets/Resources/Player.png using Guid(8ac9b05dc2e505443b3e6ec8e42d004a) Importer(815301076,1909f56bfc062723c751e8b465ee728b)  -> (artifact id: '1e5595e46dfc7bbf393f9eae5ab63438') in 0.061968 seconds 
  Import took 0.079221 seconds .

========================================================================
Received Import Request.
  Time since last request: 450.341888 seconds.
  path: Assets/Resources/Player.png
  artifactKey: Guid(8ac9b05dc2e505443b3e6ec8e42d004a) Importer(815301076,1909f56bfc062723c751e8b465ee728b)
Start importing Assets/Resources/Player.png using Guid(8ac9b05dc2e505443b3e6ec8e42d004a) Importer(815301076,1909f56bfc062723c751e8b465ee728b)  -> (artifact id: '4b7223c518baf657f5fff7eb737ad02e') in 0.054794 seconds 
  Import took 0.071070 seconds .

========================================================================
Received Import Request.
  Time since last request: 68.746550 seconds.
  path: Assets/Animations/Player.controller
  artifactKey: Guid(b5cb715d33f96ed4b89cb86766b6e020) Importer(815301076,1909f56bfc062723c751e8b465ee728b)
Start importing Assets/Animations/Player.controller using Guid(b5cb715d33f96ed4b89cb86766b6e020) Importer(815301076,1909f56bfc062723c751e8b465ee728b)  -> (artifact id: 'e1b0d9276783079c199ef0127f59d356') in 0.017605 seconds 
  Import took 0.026197 seconds .

========================================================================
Received Import Request.
  Time since last request: 0.754123 seconds.
  path: Assets/Animations/Player (Idle).anim
  artifactKey: Guid(ea537e32ecbcda3468b540ad56392621) Importer(815301076,1909f56bfc062723c751e8b465ee728b)
Start importing Assets/Animations/Player (Idle).anim using Guid(ea537e32ecbcda3468b540ad56392621) Importer(815301076,1909f56bfc062723c751e8b465ee728b)  -> (artifact id: '5d88dd4d8e1e529fd666996d02514146') in 0.134986 seconds 
  Import took 0.163977 seconds .

========================================================================
Received Import Request.
  Time since last request: 169.227824 seconds.
  path: Assets/Scripts/PlayerMovement.cs
  artifactKey: Guid(e806fdbdd05f2f3498aa8679b79b23f0) Importer(815301076,1909f56bfc062723c751e8b465ee728b)
Start importing Assets/Scripts/PlayerMovement.cs using Guid(e806fdbdd05f2f3498aa8679b79b23f0) Importer(815301076,1909f56bfc062723c751e8b465ee728b)  -> (artifact id: '18df9e6abb0c69836fe0cab7d540fbb6') in 0.031563 seconds 
  Import took 0.041394 seconds .

========================================================================
Received Import Request.
  Time since last request: 222.186487 seconds.
  path: Assets/Scripts/PlayerMovement.cs
  artifactKey: Guid(e806fdbdd05f2f3498aa8679b79b23f0) Importer(815301076,1909f56bfc062723c751e8b465ee728b)
Start importing Assets/Scripts/PlayerMovement.cs using Guid(e806fdbdd05f2f3498aa8679b79b23f0) Importer(815301076,1909f56bfc062723c751e8b465ee728b)  -> (artifact id: '5c35c26bf045ee417bbf711ad77fbda5') in 0.018186 seconds 
  Import took 0.029154 seconds .

========================================================================
Received Import Request.
  Time since last request: 227.902764 seconds.
  path: Assets/Scripts/PlayerMovement.cs
  artifactKey: Guid(e806fdbdd05f2f3498aa8679b79b23f0) Importer(815301076,1909f56bfc062723c751e8b465ee728b)
Start importing Assets/Scripts/PlayerMovement.cs using Guid(e806fdbdd05f2f3498aa8679b79b23f0) Importer(815301076,1909f56bfc062723c751e8b465ee728b)  -> (artifact id: 'e9d79afce27ace1ef97e1cf16daef583') in 0.008438 seconds 
  Import took 0.022469 seconds .

========================================================================
Received Import Request.
  Time since last request: 13.255389 seconds.
  path: Assets/Scripts/PlayerMovement.cs
  artifactKey: Guid(e806fdbdd05f2f3498aa8679b79b23f0) Importer(815301076,1909f56bfc062723c751e8b465ee728b)
Start importing Assets/Scripts/PlayerMovement.cs using Guid(e806fdbdd05f2f3498aa8679b79b23f0) Importer(815301076,1909f56bfc062723c751e8b465ee728b)  -> (artifact id: '0531ad7f40d461bb5eef34b7664f09b1') in 0.009409 seconds 
  Import took 0.018973 seconds .

========================================================================
Received Import Request.
  Time since last request: 5.523796 seconds.
  path: Assets/Scripts/PlayerMovement.cs
  artifactKey: Guid(e806fdbdd05f2f3498aa8679b79b23f0) Importer(815301076,1909f56bfc062723c751e8b465ee728b)
Start importing Assets/Scripts/PlayerMovement.cs using Guid(e806fdbdd05f2f3498aa8679b79b23f0) Importer(815301076,1909f56bfc062723c751e8b465ee728b)  -> (artifact id: '9646fbbb856d64f995877d1e16a14ecc') in 0.008579 seconds 
  Import took 0.022499 seconds .

========================================================================
Received Import Request.
  Time since last request: 1.246371 seconds.
  path: Assets/Scripts/PlayerMovement.cs
  artifactKey: Guid(e806fdbdd05f2f3498aa8679b79b23f0) Importer(815301076,1909f56bfc062723c751e8b465ee728b)
Start importing Assets/Scripts/PlayerMovement.cs using Guid(e806fdbdd05f2f3498aa8679b79b23f0) Importer(815301076,1909f56bfc062723c751e8b465ee728b)  -> (artifact id: 'd2a3d9b8021370d6a6ce27808f73df03') in 0.007286 seconds 
  Import took 0.021154 seconds .

========================================================================
Received Import Request.
  Time since last request: 33.625694 seconds.
  path: Assets/Scripts/PlayerMovement.cs
  artifactKey: Guid(e806fdbdd05f2f3498aa8679b79b23f0) Importer(815301076,1909f56bfc062723c751e8b465ee728b)
Start importing Assets/Scripts/PlayerMovement.cs using Guid(e806fdbdd05f2f3498aa8679b79b23f0) Importer(815301076,1909f56bfc062723c751e8b465ee728b)  -> (artifact id: 'c1bc520fc77f772ec4c6dc6f0eff61cd') in 0.008519 seconds 
  Import took 0.022499 seconds .

========================================================================
Received Prepare
Registering precompiled user dll's ...
Registered in 0.025287 seconds.
Begin MonoManager ReloadAssembly
Native extension for WindowsStandalone target not found
Refreshing native plugins compatible for Editor in 1.13 ms, found 3 plugins.
Preloading 0 native plugins for Editor in 0.00 ms.
Mono: successfully reloaded assembly
- Completed reload, in  3.311 seconds
Platform modules already initialized, skipping
Refreshing native plugins compatible for Editor in 1.06 ms, found 3 plugins.
Preloading 0 native plugins for Editor in 0.00 ms.
Unloading 2082 Unused Serialized files (Serialized files now loaded: 0)
System memory in use before: 95.7 MB.
System memory in use after: 95.9 MB.

Unloading 16 unused Assets to reduce memory usage. Loaded Objects now: 2555.
Total: 7.758400 ms (FindLiveObjects: 0.660400 ms CreateObjectMapping: 0.168500 ms MarkObjects: 6.867800 ms  DeleteObjects: 0.058100 ms)

AssetImportParameters requested are different than current active one (requested -> active):
  custom:framework-win-MediaFoundation: 216162199b28c13a410421893ffa2e32 -> 
  custom:video-decoder-ogg-theora: a1e56fd34408186e4bbccfd4996cb3dc -> 
  custom:container-muxer-webm: aa71ff27fc2769a1b78a27578f13a17b -> 
  custom:container-demuxer-webm: 4f35f7cbe854078d1ac9338744f61a02 -> 
  custom:container-demuxer-ogg: 62fdf1f143b41e24485cea50d1cbac27 -> 
  custom:video-encoder-webm-vp8: eb34c28f22e8b96e1ab97ce403110664 -> 
  custom:video-decoder-webm-vp8: 9c59270c3fd7afecdb556c50c9e8de78 -> 
  custom:audio-decoder-ogg-vorbis: bf7c407c2cedff20999df2af8eb42d56 -> 
  custom:audio-encoder-webm-vorbis: bf7c407c2cedff20999df2af8eb42d56 -> 
========================================================================
Received Prepare
Registering precompiled user dll's ...
Registered in 0.017431 seconds.
Begin MonoManager ReloadAssembly
Native extension for WindowsStandalone target not found
Refreshing native plugins compatible for Editor in 1.04 ms, found 3 plugins.
Preloading 0 native plugins for Editor in 0.00 ms.
Mono: successfully reloaded assembly
- Completed reload, in  3.302 seconds
Platform modules already initialized, skipping
Refreshing native plugins compatible for Editor in 1.06 ms, found 3 plugins.
Preloading 0 native plugins for Editor in 0.00 ms.
Unloading 2082 Unused Serialized files (Serialized files now loaded: 0)
System memory in use before: 95.8 MB.
System memory in use after: 95.9 MB.

Unloading 16 unused Assets to reduce memory usage. Loaded Objects now: 2559.
Total: 6.148900 ms (FindLiveObjects: 0.555600 ms CreateObjectMapping: 0.148100 ms MarkObjects: 5.392500 ms  DeleteObjects: 0.049200 ms)

AssetImportParameters requested are different than current active one (requested -> active):
  custom:framework-win-MediaFoundation: 216162199b28c13a410421893ffa2e32 -> 
  custom:video-decoder-ogg-theora: a1e56fd34408186e4bbccfd4996cb3dc -> 
  custom:container-muxer-webm: aa71ff27fc2769a1b78a27578f13a17b -> 
  custom:container-demuxer-webm: 4f35f7cbe854078d1ac9338744f61a02 -> 
  custom:container-demuxer-ogg: 62fdf1f143b41e24485cea50d1cbac27 -> 
  custom:video-encoder-webm-vp8: eb34c28f22e8b96e1ab97ce403110664 -> 
  custom:video-decoder-webm-vp8: 9c59270c3fd7afecdb556c50c9e8de78 -> 
  custom:audio-decoder-ogg-vorbis: bf7c407c2cedff20999df2af8eb42d56 -> 
  custom:audio-encoder-webm-vorbis: bf7c407c2cedff20999df2af8eb42d56 -> 
========================================================================
Received Prepare
Registering precompiled user dll's ...
Registered in 0.012429 seconds.
Begin MonoManager ReloadAssembly
Native extension for WindowsStandalone target not found
Refreshing native plugins compatible for Editor in 0.90 ms, found 3 plugins.
Preloading 0 native plugins for Editor in 0.00 ms.
Mono: successfully reloaded assembly
- Completed reload, in  2.846 seconds
Platform modules already initialized, skipping
Refreshing native plugins compatible for Editor in 1.05 ms, found 3 plugins.
Preloading 0 native plugins for Editor in 0.00 ms.
Unloading 2082 Unused Serialized files (Serialized files now loaded: 0)
System memory in use before: 95.8 MB.
System memory in use after: 95.9 MB.

Unloading 16 unused Assets to reduce memory usage. Loaded Objects now: 2563.
Total: 7.146100 ms (FindLiveObjects: 0.762400 ms CreateObjectMapping: 0.206200 ms MarkObjects: 6.126400 ms  DeleteObjects: 0.047700 ms)

AssetImportParameters requested are different than current active one (requested -> active):
  custom:framework-win-MediaFoundation: 216162199b28c13a410421893ffa2e32 -> 
  custom:video-decoder-ogg-theora: a1e56fd34408186e4bbccfd4996cb3dc -> 
  custom:container-muxer-webm: aa71ff27fc2769a1b78a27578f13a17b -> 
  custom:container-demuxer-webm: 4f35f7cbe854078d1ac9338744f61a02 -> 
  custom:container-demuxer-ogg: 62fdf1f143b41e24485cea50d1cbac27 -> 
  custom:video-encoder-webm-vp8: eb34c28f22e8b96e1ab97ce403110664 -> 
  custom:video-decoder-webm-vp8: 9c59270c3fd7afecdb556c50c9e8de78 -> 
  custom:audio-decoder-ogg-vorbis: bf7c407c2cedff20999df2af8eb42d56 -> 
  custom:audio-encoder-webm-vorbis: bf7c407c2cedff20999df2af8eb42d56 -> 
========================================================================
Received Prepare
Registering precompiled user dll's ...
Registered in 0.016095 seconds.
Begin MonoManager ReloadAssembly
Native extension for WindowsStandalone target not found
Refreshing native plugins compatible for Editor in 1.05 ms, found 3 plugins.
Preloading 0 native plugins for Editor in 0.00 ms.
Mono: successfully reloaded assembly
- Completed reload, in  3.889 seconds
Platform modules already initialized, skipping
Refreshing native plugins compatible for Editor in 0.86 ms, found 3 plugins.
Preloading 0 native plugins for Editor in 0.00 ms.
Unloading 2082 Unused Serialized files (Serialized files now loaded: 0)
System memory in use before: 95.8 MB.
System memory in use after: 95.9 MB.

Unloading 16 unused Assets to reduce memory usage. Loaded Objects now: 2567.
Total: 6.440500 ms (FindLiveObjects: 0.353200 ms CreateObjectMapping: 0.107100 ms MarkObjects: 5.929000 ms  DeleteObjects: 0.048500 ms)

AssetImportParameters requested are different than current active one (requested -> active):
  custom:framework-win-MediaFoundation: 216162199b28c13a410421893ffa2e32 -> 
  custom:video-decoder-ogg-theora: a1e56fd34408186e4bbccfd4996cb3dc -> 
  custom:container-muxer-webm: aa71ff27fc2769a1b78a27578f13a17b -> 
  custom:container-demuxer-webm: 4f35f7cbe854078d1ac9338744f61a02 -> 
  custom:container-demuxer-ogg: 62fdf1f143b41e24485cea50d1cbac27 -> 
  custom:video-encoder-webm-vp8: eb34c28f22e8b96e1ab97ce403110664 -> 
  custom:video-decoder-webm-vp8: 9c59270c3fd7afecdb556c50c9e8de78 -> 
  custom:audio-decoder-ogg-vorbis: bf7c407c2cedff20999df2af8eb42d56 -> 
  custom:audio-encoder-webm-vorbis: bf7c407c2cedff20999df2af8eb42d56 -> 
========================================================================
Received Import Request.
  Time since last request: 548.809959 seconds.
  path: Assets/Resources/Background.png
  artifactKey: Guid(682d30de64c967d4783b9933cd5add48) Importer(815301076,1909f56bfc062723c751e8b465ee728b)
Start importing Assets/Resources/Background.png using Guid(682d30de64c967d4783b9933cd5add48) Importer(815301076,1909f56bfc062723c751e8b465ee728b)  -> (artifact id: '5999b4728ca78c7e537f8533b968308a') in 0.165600 seconds 
  Import took 0.177057 seconds .

========================================================================
Received Import Request.
  Time since last request: 5.754392 seconds.
  path: Assets/Resources/Background.png
  artifactKey: Guid(682d30de64c967d4783b9933cd5add48) Importer(815301076,1909f56bfc062723c751e8b465ee728b)
Start importing Assets/Resources/Background.png using Guid(682d30de64c967d4783b9933cd5add48) Importer(815301076,1909f56bfc062723c751e8b465ee728b)  -> (artifact id: '751a4ccd7bdb993d46015b5d290facb9') in 0.053718 seconds 
  Import took 0.063304 seconds .

========================================================================
Received Import Request.
  Time since last request: 0.002109 seconds.
  path: Assets/Resources/Background.png
  artifactKey: Guid(682d30de64c967d4783b9933cd5add48) Importer(815301076,1909f56bfc062723c751e8b465ee728b)
Start importing Assets/Resources/Background.png using Guid(682d30de64c967d4783b9933cd5add48) Importer(815301076,1909f56bfc062723c751e8b465ee728b)  -> (artifact id: '751a4ccd7bdb993d46015b5d290facb9') in 0.036235 seconds 
  Import took 0.047819 seconds .

========================================================================
Received Import Request.
  Time since last request: 174.737031 seconds.
  path: ProjectSettings/TagManager.asset
  artifactKey: Guid(00000000000000003000000000000000) Importer(815301076,1909f56bfc062723c751e8b465ee728b)
Start importing ProjectSettings/TagManager.asset using Guid(00000000000000003000000000000000) Importer(815301076,1909f56bfc062723c751e8b465ee728b)  -> (artifact id: '43ee952d5e8076c4e240c40497602ce9') in 0.029877 seconds 
  Import took 0.040389 seconds .

========================================================================
Received Import Request.
  Time since last request: 0.025006 seconds.
  path: ProjectSettings/TagManager.asset
  artifactKey: Guid(00000000000000003000000000000000) Importer(815301076,1909f56bfc062723c751e8b465ee728b)
Start importing ProjectSettings/TagManager.asset using Guid(00000000000000003000000000000000) Importer(815301076,1909f56bfc062723c751e8b465ee728b)  -> (artifact id: '43ee952d5e8076c4e240c40497602ce9') in 0.018047 seconds 
  Import took 0.030863 seconds .

========================================================================
Received Prepare
Registering precompiled user dll's ...
Registered in 0.012690 seconds.
Begin MonoManager ReloadAssembly
Native extension for WindowsStandalone target not found
Refreshing native plugins compatible for Editor in 2.44 ms, found 3 plugins.
Preloading 0 native plugins for Editor in 0.00 ms.
Mono: successfully reloaded assembly
- Completed reload, in  3.328 seconds
Platform modules already initialized, skipping
Refreshing native plugins compatible for Editor in 1.37 ms, found 3 plugins.
Preloading 0 native plugins for Editor in 0.00 ms.
Unloading 2082 Unused Serialized files (Serialized files now loaded: 0)
System memory in use before: 95.8 MB.
System memory in use after: 96.0 MB.

Unloading 18 unused Assets to reduce memory usage. Loaded Objects now: 2574.
Total: 6.955500 ms (FindLiveObjects: 0.604300 ms CreateObjectMapping: 0.179400 ms MarkObjects: 6.105500 ms  DeleteObjects: 0.062700 ms)

AssetImportParameters requested are different than current active one (requested -> active):
  custom:framework-win-MediaFoundation: 216162199b28c13a410421893ffa2e32 -> 
  custom:video-decoder-ogg-theora: a1e56fd34408186e4bbccfd4996cb3dc -> 
  custom:container-muxer-webm: aa71ff27fc2769a1b78a27578f13a17b -> 
  custom:container-demuxer-webm: 4f35f7cbe854078d1ac9338744f61a02 -> 
  custom:container-demuxer-ogg: 62fdf1f143b41e24485cea50d1cbac27 -> 
  custom:video-encoder-webm-vp8: eb34c28f22e8b96e1ab97ce403110664 -> 
  custom:video-decoder-webm-vp8: 9c59270c3fd7afecdb556c50c9e8de78 -> 
  custom:audio-decoder-ogg-vorbis: bf7c407c2cedff20999df2af8eb42d56 -> 
  custom:audio-encoder-webm-vorbis: bf7c407c2cedff20999df2af8eb42d56 -> 
========================================================================
Received Prepare
Registering precompiled user dll's ...
Registered in 0.012882 seconds.
Begin MonoManager ReloadAssembly
Native extension for WindowsStandalone target not found
Refreshing native plugins compatible for Editor in 1.14 ms, found 3 plugins.
Preloading 0 native plugins for Editor in 0.00 ms.
Mono: successfully reloaded assembly
- Completed reload, in  3.122 seconds
Platform modules already initialized, skipping
Refreshing native plugins compatible for Editor in 1.05 ms, found 3 plugins.
Preloading 0 native plugins for Editor in 0.00 ms.
Unloading 2082 Unused Serialized files (Serialized files now loaded: 0)
System memory in use before: 95.8 MB.
System memory in use after: 96.0 MB.

Unloading 16 unused Assets to reduce memory usage. Loaded Objects now: 2578.
Total: 5.874500 ms (FindLiveObjects: 0.464000 ms CreateObjectMapping: 0.171200 ms MarkObjects: 5.176000 ms  DeleteObjects: 0.060200 ms)

AssetImportParameters requested are different than current active one (requested -> active):
  custom:framework-win-MediaFoundation: 216162199b28c13a410421893ffa2e32 -> 
  custom:video-decoder-ogg-theora: a1e56fd34408186e4bbccfd4996cb3dc -> 
  custom:container-muxer-webm: aa71ff27fc2769a1b78a27578f13a17b -> 
  custom:container-demuxer-webm: 4f35f7cbe854078d1ac9338744f61a02 -> 
  custom:container-demuxer-ogg: 62fdf1f143b41e24485cea50d1cbac27 -> 
  custom:video-encoder-webm-vp8: eb34c28f22e8b96e1ab97ce403110664 -> 
  custom:video-decoder-webm-vp8: 9c59270c3fd7afecdb556c50c9e8de78 -> 
  custom:audio-decoder-ogg-vorbis: bf7c407c2cedff20999df2af8eb42d56 -> 
  custom:audio-encoder-webm-vorbis: bf7c407c2cedff20999df2af8eb42d56 -> 
========================================================================
Received Prepare
Registering precompiled user dll's ...
Registered in 0.014601 seconds.
Begin MonoManager ReloadAssembly
Native extension for WindowsStandalone target not found
Refreshing native plugins compatible for Editor in 1.39 ms, found 3 plugins.
Preloading 0 native plugins for Editor in 0.00 ms.
Mono: successfully reloaded assembly
- Completed reload, in  3.377 seconds
Platform modules already initialized, skipping
Refreshing native plugins compatible for Editor in 1.15 ms, found 3 plugins.
Preloading 0 native plugins for Editor in 0.00 ms.
Unloading 2082 Unused Serialized files (Serialized files now loaded: 0)
System memory in use before: 95.9 MB.
System memory in use after: 96.0 MB.

Unloading 16 unused Assets to reduce memory usage. Loaded Objects now: 2582.
Total: 5.336500 ms (FindLiveObjects: 0.474000 ms CreateObjectMapping: 0.135600 ms MarkObjects: 4.684100 ms  DeleteObjects: 0.040700 ms)

AssetImportParameters requested are different than current active one (requested -> active):
  custom:framework-win-MediaFoundation: 216162199b28c13a410421893ffa2e32 -> 
  custom:video-decoder-ogg-theora: a1e56fd34408186e4bbccfd4996cb3dc -> 
  custom:container-muxer-webm: aa71ff27fc2769a1b78a27578f13a17b -> 
  custom:container-demuxer-webm: 4f35f7cbe854078d1ac9338744f61a02 -> 
  custom:container-demuxer-ogg: 62fdf1f143b41e24485cea50d1cbac27 -> 
  custom:video-encoder-webm-vp8: eb34c28f22e8b96e1ab97ce403110664 -> 
  custom:video-decoder-webm-vp8: 9c59270c3fd7afecdb556c50c9e8de78 -> 
  custom:audio-decoder-ogg-vorbis: bf7c407c2cedff20999df2af8eb42d56 -> 
  custom:audio-encoder-webm-vorbis: bf7c407c2cedff20999df2af8eb42d56 -> 
========================================================================
Received Prepare
Registering precompiled user dll's ...
Registered in 0.012690 seconds.
Begin MonoManager ReloadAssembly
Native extension for WindowsStandalone target not found
Refreshing native plugins compatible for Editor in 1.18 ms, found 3 plugins.
Preloading 0 native plugins for Editor in 0.00 ms.
Mono: successfully reloaded assembly
- Completed reload, in  3.404 seconds
Platform modules already initialized, skipping
Refreshing native plugins compatible for Editor in 1.10 ms, found 3 plugins.
Preloading 0 native plugins for Editor in 0.00 ms.
Unloading 2082 Unused Serialized files (Serialized files now loaded: 0)
System memory in use before: 95.9 MB.
System memory in use after: 96.0 MB.

Unloading 16 unused Assets to reduce memory usage. Loaded Objects now: 2586.
Total: 6.424700 ms (FindLiveObjects: 0.564900 ms CreateObjectMapping: 0.190900 ms MarkObjects: 5.615100 ms  DeleteObjects: 0.051000 ms)

AssetImportParameters requested are different than current active one (requested -> active):
  custom:framework-win-MediaFoundation: 216162199b28c13a410421893ffa2e32 -> 
  custom:video-decoder-ogg-theora: a1e56fd34408186e4bbccfd4996cb3dc -> 
  custom:container-muxer-webm: aa71ff27fc2769a1b78a27578f13a17b -> 
  custom:container-demuxer-webm: 4f35f7cbe854078d1ac9338744f61a02 -> 
  custom:container-demuxer-ogg: 62fdf1f143b41e24485cea50d1cbac27 -> 
  custom:video-encoder-webm-vp8: eb34c28f22e8b96e1ab97ce403110664 -> 
  custom:video-decoder-webm-vp8: 9c59270c3fd7afecdb556c50c9e8de78 -> 
  custom:audio-decoder-ogg-vorbis: bf7c407c2cedff20999df2af8eb42d56 -> 
  custom:audio-encoder-webm-vorbis: bf7c407c2cedff20999df2af8eb42d56 -> 
========================================================================
Received Prepare
Registering precompiled user dll's ...
Registered in 0.018226 seconds.
Begin MonoManager ReloadAssembly
Native extension for WindowsStandalone target not found
Refreshing native plugins compatible for Editor in 0.87 ms, found 3 plugins.
Preloading 0 native plugins for Editor in 0.00 ms.
Mono: successfully reloaded assembly
- Completed reload, in  3.057 seconds
Platform modules already initialized, skipping
Refreshing native plugins compatible for Editor in 0.85 ms, found 3 plugins.
Preloading 0 native plugins for Editor in 0.00 ms.
Unloading 2082 Unused Serialized files (Serialized files now loaded: 0)
System memory in use before: 95.9 MB.
System memory in use after: 96.0 MB.

Unloading 16 unused Assets to reduce memory usage. Loaded Objects now: 2590.
Total: 4.478300 ms (FindLiveObjects: 0.350400 ms CreateObjectMapping: 0.110000 ms MarkObjects: 3.971500 ms  DeleteObjects: 0.044400 ms)

AssetImportParameters requested are different than current active one (requested -> active):
  custom:framework-win-MediaFoundation: 216162199b28c13a410421893ffa2e32 -> 
  custom:video-decoder-ogg-theora: a1e56fd34408186e4bbccfd4996cb3dc -> 
  custom:container-muxer-webm: aa71ff27fc2769a1b78a27578f13a17b -> 
  custom:container-demuxer-webm: 4f35f7cbe854078d1ac9338744f61a02 -> 
  custom:container-demuxer-ogg: 62fdf1f143b41e24485cea50d1cbac27 -> 
  custom:video-encoder-webm-vp8: eb34c28f22e8b96e1ab97ce403110664 -> 
  custom:video-decoder-webm-vp8: 9c59270c3fd7afecdb556c50c9e8de78 -> 
  custom:audio-decoder-ogg-vorbis: bf7c407c2cedff20999df2af8eb42d56 -> 
  custom:audio-encoder-webm-vorbis: bf7c407c2cedff20999df2af8eb42d56 -> 
========================================================================
Received Import Request.
  Time since last request: 409.499570 seconds.
  path: Assets/Resources/Background.png
  artifactKey: Guid(682d30de64c967d4783b9933cd5add48) Importer(815301076,1909f56bfc062723c751e8b465ee728b)
Start importing Assets/Resources/Background.png using Guid(682d30de64c967d4783b9933cd5add48) Importer(815301076,1909f56bfc062723c751e8b465ee728b)  -> (artifact id: '7917e94907be18062bdd31cc9d4a0eda') in 0.165372 seconds 
  Import took 0.174877 seconds .

========================================================================
Received Import Request.
  Time since last request: 401.452812 seconds.
  path: Assets/Resources/Background.png
  artifactKey: Guid(682d30de64c967d4783b9933cd5add48) Importer(815301076,1909f56bfc062723c751e8b465ee728b)
Start importing Assets/Resources/Background.png using Guid(682d30de64c967d4783b9933cd5add48) Importer(815301076,1909f56bfc062723c751e8b465ee728b)  -> (artifact id: 'c397d798f74b495bbb1c8fcb26b5fa01') in 0.048957 seconds 
  Import took 0.064932 seconds .

========================================================================
Received Import Request.
  Time since last request: 44.155194 seconds.
  path: Assets/Resources/Background.png
  artifactKey: Guid(682d30de64c967d4783b9933cd5add48) Importer(815301076,1909f56bfc062723c751e8b465ee728b)
Start importing Assets/Resources/Background.png using Guid(682d30de64c967d4783b9933cd5add48) Importer(815301076,1909f56bfc062723c751e8b465ee728b)  -> (artifact id: 'b5ae8742ffa6e177fd6fe9d56f76d9cd') in 0.046813 seconds 
  Import took 0.069354 seconds .

========================================================================
Received Prepare
Registering precompiled user dll's ...
Registered in 0.012815 seconds.
Begin MonoManager ReloadAssembly
Native extension for WindowsStandalone target not found
Refreshing native plugins compatible for Editor in 1.04 ms, found 3 plugins.
Preloading 0 native plugins for Editor in 0.00 ms.
Mono: successfully reloaded assembly
- Completed reload, in  3.006 seconds
Platform modules already initialized, skipping
Refreshing native plugins compatible for Editor in 1.05 ms, found 3 plugins.
Preloading 0 native plugins for Editor in 0.00 ms.
Unloading 2082 Unused Serialized files (Serialized files now loaded: 0)
System memory in use before: 95.9 MB.
System memory in use after: 96.0 MB.

Unloading 16 unused Assets to reduce memory usage. Loaded Objects now: 2597.
Total: 5.920800 ms (FindLiveObjects: 0.471300 ms CreateObjectMapping: 0.164200 ms MarkObjects: 5.151900 ms  DeleteObjects: 0.130200 ms)

AssetImportParameters requested are different than current active one (requested -> active):
  custom:framework-win-MediaFoundation: 216162199b28c13a410421893ffa2e32 -> 
  custom:video-decoder-ogg-theora: a1e56fd34408186e4bbccfd4996cb3dc -> 
  custom:container-muxer-webm: aa71ff27fc2769a1b78a27578f13a17b -> 
  custom:container-demuxer-webm: 4f35f7cbe854078d1ac9338744f61a02 -> 
  custom:container-demuxer-ogg: 62fdf1f143b41e24485cea50d1cbac27 -> 
  custom:video-encoder-webm-vp8: eb34c28f22e8b96e1ab97ce403110664 -> 
  custom:video-decoder-webm-vp8: 9c59270c3fd7afecdb556c50c9e8de78 -> 
  custom:audio-decoder-ogg-vorbis: bf7c407c2cedff20999df2af8eb42d56 -> 
  custom:audio-encoder-webm-vorbis: bf7c407c2cedff20999df2af8eb42d56 -> 
========================================================================
Received Import Request.
  Time since last request: 2152.008826 seconds.
  path: Assets/Resources/Building1.png
  artifactKey: Guid(9460a44cb9f00004c86bff11485ea049) Importer(815301076,1909f56bfc062723c751e8b465ee728b)
Start importing Assets/Resources/Building1.png using Guid(9460a44cb9f00004c86bff11485ea049) Importer(815301076,1909f56bfc062723c751e8b465ee728b)  -> (artifact id: '3b21d5e947c1a4433150b3f6e1740a64') in 1.885059 seconds 
  Import took 1.895023 seconds .

========================================================================
Received Import Request.
  Time since last request: 0.041704 seconds.
  path: Assets/Resources/Building1.png
  artifactKey: Guid(9460a44cb9f00004c86bff11485ea049) Importer(815301076,1909f56bfc062723c751e8b465ee728b)
Start importing Assets/Resources/Building1.png using Guid(9460a44cb9f00004c86bff11485ea049) Importer(815301076,1909f56bfc062723c751e8b465ee728b)  -> (artifact id: '3b21d5e947c1a4433150b3f6e1740a64') in 0.020287 seconds 
  Import took 0.027470 seconds .

========================================================================
Received Import Request.
  Time since last request: 7.374707 seconds.
  path: Assets/Resources/Building1.png
  artifactKey: Guid(9460a44cb9f00004c86bff11485ea049) Importer(815301076,1909f56bfc062723c751e8b465ee728b)
Start importing Assets/Resources/Building1.png using Guid(9460a44cb9f00004c86bff11485ea049) Importer(815301076,1909f56bfc062723c751e8b465ee728b)  -> (artifact id: '5500831c357f19dda1a0c01d9c4f416a') in 0.061747 seconds 
  Import took 0.078848 seconds .

========================================================================
Received Import Request.
  Time since last request: 401.293835 seconds.
  path: Assets/Resources/Background.png
  artifactKey: Guid(682d30de64c967d4783b9933cd5add48) Importer(815301076,1909f56bfc062723c751e8b465ee728b)
Start importing Assets/Resources/Background.png using Guid(682d30de64c967d4783b9933cd5add48) Importer(815301076,1909f56bfc062723c751e8b465ee728b)  -> (artifact id: '61888d51eaf094c0e26d8844e341a7e8') in 0.057838 seconds 
  Import took 0.069891 seconds .

========================================================================
Received Import Request.
  Time since last request: 0.000379 seconds.
  path: Assets/Resources/Player.png
  artifactKey: Guid(8ac9b05dc2e505443b3e6ec8e42d004a) Importer(815301076,1909f56bfc062723c751e8b465ee728b)
Start importing Assets/Resources/Player.png using Guid(8ac9b05dc2e505443b3e6ec8e42d004a) Importer(815301076,1909f56bfc062723c751e8b465ee728b)  -> (artifact id: '2ca09a0cd2d543fc4fba350ed8e8c14e') in 0.097330 seconds 
  Import took 0.107968 seconds .

========================================================================
Received Prepare
Registering precompiled user dll's ...
Registered in 0.364635 seconds.
Begin MonoManager ReloadAssembly
Native extension for WindowsStandalone target not found
Refreshing native plugins compatible for Editor in 1.11 ms, found 3 plugins.
Preloading 0 native plugins for Editor in 0.00 ms.
Mono: successfully reloaded assembly
- Completed reload, in  3.677 seconds
Platform modules already initialized, skipping
Refreshing native plugins compatible for Editor in 1.04 ms, found 3 plugins.
Preloading 0 native plugins for Editor in 0.00 ms.
Unloading 2082 Unused Serialized files (Serialized files now loaded: 0)
System memory in use before: 95.9 MB.
System memory in use after: 96.0 MB.

Unloading 16 unused Assets to reduce memory usage. Loaded Objects now: 2602.
Total: 5.838000 ms (FindLiveObjects: 0.576700 ms CreateObjectMapping: 0.134700 ms MarkObjects: 4.912300 ms  DeleteObjects: 0.211400 ms)

AssetImportParameters requested are different than current active one (requested -> active):
  custom:framework-win-MediaFoundation: 216162199b28c13a410421893ffa2e32 -> 
  custom:video-decoder-ogg-theora: a1e56fd34408186e4bbccfd4996cb3dc -> 
  custom:container-muxer-webm: aa71ff27fc2769a1b78a27578f13a17b -> 
  custom:container-demuxer-webm: 4f35f7cbe854078d1ac9338744f61a02 -> 
  custom:container-demuxer-ogg: 62fdf1f143b41e24485cea50d1cbac27 -> 
  custom:video-encoder-webm-vp8: eb34c28f22e8b96e1ab97ce403110664 -> 
  custom:video-decoder-webm-vp8: 9c59270c3fd7afecdb556c50c9e8de78 -> 
  custom:audio-decoder-ogg-vorbis: bf7c407c2cedff20999df2af8eb42d56 -> 
  custom:audio-encoder-webm-vorbis: bf7c407c2cedff20999df2af8eb42d56 -> 
========================================================================
Received Import Request.
  Time since last request: 95.253575 seconds.
  path: Assets/Resources/Background.png
  artifactKey: Guid(682d30de64c967d4783b9933cd5add48) Importer(815301076,1909f56bfc062723c751e8b465ee728b)
Start importing Assets/Resources/Background.png using Guid(682d30de64c967d4783b9933cd5add48) Importer(815301076,1909f56bfc062723c751e8b465ee728b)  -> (artifact id: '4f2097a83de78a5d72005a7dd807b2cb') in 0.146714 seconds 
  Import took 0.160986 seconds .

========================================================================
Received Import Request.
  Time since last request: 19.568034 seconds.
  path: ProjectSettings/TagManager.asset
  artifactKey: Guid(00000000000000003000000000000000) Importer(815301076,1909f56bfc062723c751e8b465ee728b)
Start importing ProjectSettings/TagManager.asset using Guid(00000000000000003000000000000000) Importer(815301076,1909f56bfc062723c751e8b465ee728b)  -> (artifact id: 'a2e9b7d586744b35a693954f0452ee52') in 0.038251 seconds 
  Import took 0.056753 seconds .

========================================================================
Received Prepare
Registering precompiled user dll's ...
Registered in 0.018900 seconds.
Begin MonoManager ReloadAssembly
Native extension for WindowsStandalone target not found
Refreshing native plugins compatible for Editor in 1.05 ms, found 3 plugins.
Preloading 0 native plugins for Editor in 0.00 ms.
Mono: successfully reloaded assembly
- Completed reload, in  2.950 seconds
Platform modules already initialized, skipping
Refreshing native plugins compatible for Editor in 1.03 ms, found 3 plugins.
Preloading 0 native plugins for Editor in 0.00 ms.
Unloading 2082 Unused Serialized files (Serialized files now loaded: 0)
System memory in use before: 95.9 MB.
System memory in use after: 96.0 MB.

Unloading 17 unused Assets to reduce memory usage. Loaded Objects now: 2607.
Total: 5.473100 ms (FindLiveObjects: 0.426200 ms CreateObjectMapping: 0.127200 ms MarkObjects: 4.865200 ms  DeleteObjects: 0.051600 ms)

AssetImportParameters requested are different than current active one (requested -> active):
  custom:framework-win-MediaFoundation: 216162199b28c13a410421893ffa2e32 -> 
  custom:video-decoder-ogg-theora: a1e56fd34408186e4bbccfd4996cb3dc -> 
  custom:container-muxer-webm: aa71ff27fc2769a1b78a27578f13a17b -> 
  custom:container-demuxer-webm: 4f35f7cbe854078d1ac9338744f61a02 -> 
  custom:container-demuxer-ogg: 62fdf1f143b41e24485cea50d1cbac27 -> 
  custom:video-encoder-webm-vp8: eb34c28f22e8b96e1ab97ce403110664 -> 
  custom:video-decoder-webm-vp8: 9c59270c3fd7afecdb556c50c9e8de78 -> 
  custom:audio-decoder-ogg-vorbis: bf7c407c2cedff20999df2af8eb42d56 -> 
  custom:audio-encoder-webm-vorbis: bf7c407c2cedff20999df2af8eb42d56 -> 
========================================================================
Received Prepare
Registering precompiled user dll's ...
Registered in 0.015384 seconds.
Begin MonoManager ReloadAssembly
Native extension for WindowsStandalone target not found
Refreshing native plugins compatible for Editor in 1.05 ms, found 3 plugins.
Preloading 0 native plugins for Editor in 0.00 ms.
Mono: successfully reloaded assembly
- Completed reload, in  2.855 seconds
Platform modules already initialized, skipping
Refreshing native plugins compatible for Editor in 1.05 ms, found 3 plugins.
Preloading 0 native plugins for Editor in 0.00 ms.
Unloading 2082 Unused Serialized files (Serialized files now loaded: 0)
System memory in use before: 95.9 MB.
System memory in use after: 96.0 MB.

Unloading 16 unused Assets to reduce memory usage. Loaded Objects now: 2611.
Total: 6.060600 ms (FindLiveObjects: 0.502500 ms CreateObjectMapping: 0.140700 ms MarkObjects: 5.353800 ms  DeleteObjects: 0.060200 ms)

AssetImportParameters requested are different than current active one (requested -> active):
  custom:framework-win-MediaFoundation: 216162199b28c13a410421893ffa2e32 -> 
  custom:video-decoder-ogg-theora: a1e56fd34408186e4bbccfd4996cb3dc -> 
  custom:container-muxer-webm: aa71ff27fc2769a1b78a27578f13a17b -> 
  custom:container-demuxer-webm: 4f35f7cbe854078d1ac9338744f61a02 -> 
  custom:container-demuxer-ogg: 62fdf1f143b41e24485cea50d1cbac27 -> 
  custom:video-encoder-webm-vp8: eb34c28f22e8b96e1ab97ce403110664 -> 
  custom:video-decoder-webm-vp8: 9c59270c3fd7afecdb556c50c9e8de78 -> 
  custom:audio-decoder-ogg-vorbis: bf7c407c2cedff20999df2af8eb42d56 -> 
  custom:audio-encoder-webm-vorbis: bf7c407c2cedff20999df2af8eb42d56 -> 
========================================================================
Received Import Request.
  Time since last request: 179.172349 seconds.
  path: Assets/Animations/Player.controller
  artifactKey: Guid(b5cb715d33f96ed4b89cb86766b6e020) Importer(815301076,1909f56bfc062723c751e8b465ee728b)
Start importing Assets/Animations/Player.controller using Guid(b5cb715d33f96ed4b89cb86766b6e020) Importer(815301076,1909f56bfc062723c751e8b465ee728b)  -> (artifact id: '7aa8a4c5bee7ea4ae12d82e211f0cd8e') in 1.828738 seconds 
  Import took 1.839646 seconds .

========================================================================
Received Prepare
Registering precompiled user dll's ...
Registered in 0.013399 seconds.
Begin MonoManager ReloadAssembly
Native extension for WindowsStandalone target not found
Refreshing native plugins compatible for Editor in 0.56 ms, found 3 plugins.
Preloading 0 native plugins for Editor in 0.00 ms.
Mono: successfully reloaded assembly
- Completed reload, in  2.049 seconds
Platform modules already initialized, skipping
Refreshing native plugins compatible for Editor in 1.03 ms, found 3 plugins.
Preloading 0 native plugins for Editor in 0.00 ms.
Unloading 2082 Unused Serialized files (Serialized files now loaded: 0)
System memory in use before: 95.9 MB.
System memory in use after: 96.1 MB.

Unloading 16 unused Assets to reduce memory usage. Loaded Objects now: 2615.
Total: 4.896600 ms (FindLiveObjects: 0.361900 ms CreateObjectMapping: 0.115600 ms MarkObjects: 4.316000 ms  DeleteObjects: 0.100700 ms)

AssetImportParameters requested are different than current active one (requested -> active):
  custom:framework-win-MediaFoundation: 216162199b28c13a410421893ffa2e32 -> 
  custom:video-decoder-ogg-theora: a1e56fd34408186e4bbccfd4996cb3dc -> 
  custom:container-muxer-webm: aa71ff27fc2769a1b78a27578f13a17b -> 
  custom:container-demuxer-webm: 4f35f7cbe854078d1ac9338744f61a02 -> 
  custom:container-demuxer-ogg: 62fdf1f143b41e24485cea50d1cbac27 -> 
  custom:video-encoder-webm-vp8: eb34c28f22e8b96e1ab97ce403110664 -> 
  custom:video-decoder-webm-vp8: 9c59270c3fd7afecdb556c50c9e8de78 -> 
  custom:audio-decoder-ogg-vorbis: bf7c407c2cedff20999df2af8eb42d56 -> 
  custom:audio-encoder-webm-vorbis: bf7c407c2cedff20999df2af8eb42d56 -> 
========================================================================
Received Prepare
Registering precompiled user dll's ...
Registered in 0.012546 seconds.
Begin MonoManager ReloadAssembly
Native extension for WindowsStandalone target not found
Refreshing native plugins compatible for Editor in 1.37 ms, found 3 plugins.
Preloading 0 native plugins for Editor in 0.00 ms.
Mono: successfully reloaded assembly
- Completed reload, in  3.141 seconds
Platform modules already initialized, skipping
Refreshing native plugins compatible for Editor in 1.12 ms, found 3 plugins.
Preloading 0 native plugins for Editor in 0.00 ms.
Unloading 2082 Unused Serialized files (Serialized files now loaded: 0)
System memory in use before: 95.9 MB.
System memory in use after: 96.1 MB.

Unloading 16 unused Assets to reduce memory usage. Loaded Objects now: 2619.
Total: 4.634200 ms (FindLiveObjects: 0.362100 ms CreateObjectMapping: 0.107800 ms MarkObjects: 4.118900 ms  DeleteObjects: 0.042900 ms)

AssetImportParameters requested are different than current active one (requested -> active):
  custom:framework-win-MediaFoundation: 216162199b28c13a410421893ffa2e32 -> 
  custom:video-decoder-ogg-theora: a1e56fd34408186e4bbccfd4996cb3dc -> 
  custom:container-muxer-webm: aa71ff27fc2769a1b78a27578f13a17b -> 
  custom:container-demuxer-webm: 4f35f7cbe854078d1ac9338744f61a02 -> 
  custom:container-demuxer-ogg: 62fdf1f143b41e24485cea50d1cbac27 -> 
  custom:video-encoder-webm-vp8: eb34c28f22e8b96e1ab97ce403110664 -> 
  custom:video-decoder-webm-vp8: 9c59270c3fd7afecdb556c50c9e8de78 -> 
  custom:audio-decoder-ogg-vorbis: bf7c407c2cedff20999df2af8eb42d56 -> 
  custom:audio-encoder-webm-vorbis: bf7c407c2cedff20999df2af8eb42d56 -> 
========================================================================
Received Prepare
Registering precompiled user dll's ...
Registered in 0.012840 seconds.
Begin MonoManager ReloadAssembly
Native extension for WindowsStandalone target not found
Refreshing native plugins compatible for Editor in 1.04 ms, found 3 plugins.
Preloading 0 native plugins for Editor in 0.00 ms.
Mono: successfully reloaded assembly
- Completed reload, in  3.390 seconds
Platform modules already initialized, skipping
Refreshing native plugins compatible for Editor in 1.15 ms, found 3 plugins.
Preloading 0 native plugins for Editor in 0.00 ms.
Unloading 2082 Unused Serialized files (Serialized files now loaded: 0)
System memory in use before: 96.0 MB.
System memory in use after: 96.1 MB.

Unloading 16 unused Assets to reduce memory usage. Loaded Objects now: 2623.
Total: 6.024100 ms (FindLiveObjects: 0.425300 ms CreateObjectMapping: 0.134700 ms MarkObjects: 5.219300 ms  DeleteObjects: 0.241400 ms)

AssetImportParameters requested are different than current active one (requested -> active):
  custom:framework-win-MediaFoundation: 216162199b28c13a410421893ffa2e32 -> 
  custom:video-decoder-ogg-theora: a1e56fd34408186e4bbccfd4996cb3dc -> 
  custom:container-muxer-webm: aa71ff27fc2769a1b78a27578f13a17b -> 
  custom:container-demuxer-webm: 4f35f7cbe854078d1ac9338744f61a02 -> 
  custom:container-demuxer-ogg: 62fdf1f143b41e24485cea50d1cbac27 -> 
  custom:video-encoder-webm-vp8: eb34c28f22e8b96e1ab97ce403110664 -> 
  custom:video-decoder-webm-vp8: 9c59270c3fd7afecdb556c50c9e8de78 -> 
  custom:audio-decoder-ogg-vorbis: bf7c407c2cedff20999df2af8eb42d56 -> 
  custom:audio-encoder-webm-vorbis: bf7c407c2cedff20999df2af8eb42d56 -> 
========================================================================
Received Prepare
Registering precompiled user dll's ...
Registered in 0.013047 seconds.
Begin MonoManager ReloadAssembly
Native extension for WindowsStandalone target not found
Refreshing native plugins compatible for Editor in 0.90 ms, found 3 plugins.
Preloading 0 native plugins for Editor in 0.00 ms.
Mono: successfully reloaded assembly
- Completed reload, in  2.471 seconds
Platform modules already initialized, skipping
Refreshing native plugins compatible for Editor in 0.97 ms, found 3 plugins.
Preloading 0 native plugins for Editor in 0.00 ms.
Unloading 2082 Unused Serialized files (Serialized files now loaded: 0)
System memory in use before: 96.0 MB.
System memory in use after: 96.1 MB.

Unloading 16 unused Assets to reduce memory usage. Loaded Objects now: 2627.
Total: 4.790500 ms (FindLiveObjects: 0.361100 ms CreateObjectMapping: 0.116000 ms MarkObjects: 4.267000 ms  DeleteObjects: 0.044100 ms)

AssetImportParameters requested are different than current active one (requested -> active):
  custom:framework-win-MediaFoundation: 216162199b28c13a410421893ffa2e32 -> 
  custom:video-decoder-ogg-theora: a1e56fd34408186e4bbccfd4996cb3dc -> 
  custom:container-muxer-webm: aa71ff27fc2769a1b78a27578f13a17b -> 
  custom:container-demuxer-webm: 4f35f7cbe854078d1ac9338744f61a02 -> 
  custom:container-demuxer-ogg: 62fdf1f143b41e24485cea50d1cbac27 -> 
  custom:video-encoder-webm-vp8: eb34c28f22e8b96e1ab97ce403110664 -> 
  custom:video-decoder-webm-vp8: 9c59270c3fd7afecdb556c50c9e8de78 -> 
  custom:audio-decoder-ogg-vorbis: bf7c407c2cedff20999df2af8eb42d56 -> 
  custom:audio-encoder-webm-vorbis: bf7c407c2cedff20999df2af8eb42d56 -> 
========================================================================
Received Prepare
Registering precompiled user dll's ...
Registered in 0.012425 seconds.
Begin MonoManager ReloadAssembly
Native extension for WindowsStandalone target not found
Refreshing native plugins compatible for Editor in 1.07 ms, found 3 plugins.
Preloading 0 native plugins for Editor in 0.00 ms.
Mono: successfully reloaded assembly
- Completed reload, in  3.016 seconds
Platform modules already initialized, skipping
Refreshing native plugins compatible for Editor in 0.85 ms, found 3 plugins.
Preloading 0 native plugins for Editor in 0.00 ms.
Unloading 2082 Unused Serialized files (Serialized files now loaded: 0)
System memory in use before: 96.0 MB.
System memory in use after: 96.1 MB.

Unloading 16 unused Assets to reduce memory usage. Loaded Objects now: 2631.
Total: 7.368300 ms (FindLiveObjects: 0.576600 ms CreateObjectMapping: 0.181600 ms MarkObjects: 6.534400 ms  DeleteObjects: 0.071400 ms)

AssetImportParameters requested are different than current active one (requested -> active):
  custom:framework-win-MediaFoundation: 216162199b28c13a410421893ffa2e32 -> 
  custom:video-decoder-ogg-theora: a1e56fd34408186e4bbccfd4996cb3dc -> 
  custom:container-muxer-webm: aa71ff27fc2769a1b78a27578f13a17b -> 
  custom:container-demuxer-webm: 4f35f7cbe854078d1ac9338744f61a02 -> 
  custom:container-demuxer-ogg: 62fdf1f143b41e24485cea50d1cbac27 -> 
  custom:video-encoder-webm-vp8: eb34c28f22e8b96e1ab97ce403110664 -> 
  custom:video-decoder-webm-vp8: 9c59270c3fd7afecdb556c50c9e8de78 -> 
  custom:audio-decoder-ogg-vorbis: bf7c407c2cedff20999df2af8eb42d56 -> 
  custom:audio-encoder-webm-vorbis: bf7c407c2cedff20999df2af8eb42d56 -> 
========================================================================
Received Prepare
Registering precompiled user dll's ...
Registered in 0.013224 seconds.
Begin MonoManager ReloadAssembly
Native extension for WindowsStandalone target not found
Refreshing native plugins compatible for Editor in 1.25 ms, found 3 plugins.
Preloading 0 native plugins for Editor in 0.00 ms.
Mono: successfully reloaded assembly
- Completed reload, in  3.062 seconds
Platform modules already initialized, skipping
Refreshing native plugins compatible for Editor in 1.13 ms, found 3 plugins.
Preloading 0 native plugins for Editor in 0.00 ms.
Unloading 2082 Unused Serialized files (Serialized files now loaded: 0)
System memory in use before: 96.0 MB.
System memory in use after: 96.1 MB.

Unloading 16 unused Assets to reduce memory usage. Loaded Objects now: 2635.
Total: 6.965300 ms (FindLiveObjects: 0.428000 ms CreateObjectMapping: 0.128300 ms MarkObjects: 6.252600 ms  DeleteObjects: 0.153000 ms)

AssetImportParameters requested are different than current active one (requested -> active):
  custom:framework-win-MediaFoundation: 216162199b28c13a410421893ffa2e32 -> 
  custom:video-decoder-ogg-theora: a1e56fd34408186e4bbccfd4996cb3dc -> 
  custom:container-muxer-webm: aa71ff27fc2769a1b78a27578f13a17b -> 
  custom:container-demuxer-webm: 4f35f7cbe854078d1ac9338744f61a02 -> 
  custom:container-demuxer-ogg: 62fdf1f143b41e24485cea50d1cbac27 -> 
  custom:video-encoder-webm-vp8: eb34c28f22e8b96e1ab97ce403110664 -> 
  custom:video-decoder-webm-vp8: 9c59270c3fd7afecdb556c50c9e8de78 -> 
  custom:audio-decoder-ogg-vorbis: bf7c407c2cedff20999df2af8eb42d56 -> 
  custom:audio-encoder-webm-vorbis: bf7c407c2cedff20999df2af8eb42d56 -> 
========================================================================
Received Import Request.
  Time since last request: 367.980611 seconds.
  path: Assets/Resources/Building2.png
  artifactKey: Guid(8bb1a6b3fedd3ee4bb0dc8109b081009) Importer(815301076,1909f56bfc062723c751e8b465ee728b)
Start importing Assets/Resources/Building2.png using Guid(8bb1a6b3fedd3ee4bb0dc8109b081009) Importer(815301076,1909f56bfc062723c751e8b465ee728b)  -> (artifact id: 'ceb0ffb62907c0680cf98b61db9d6f29') in 0.161845 seconds 
  Import took 0.170455 seconds .

========================================================================
Received Import Request.
  Time since last request: 0.000388 seconds.
  path: Assets/Resources/Building3.png
  artifactKey: Guid(c91bdf7c89769264b813212b89eac97a) Importer(815301076,1909f56bfc062723c751e8b465ee728b)
Start importing Assets/Resources/Building3.png using Guid(c91bdf7c89769264b813212b89eac97a) Importer(815301076,1909f56bfc062723c751e8b465ee728b)  -> (artifact id: '16295c86df1b3cb236a9566f9a0f8bda') in 0.037561 seconds 
  Import took 0.051516 seconds .

========================================================================
Received Import Request.
  Time since last request: 8.913628 seconds.
  path: Assets/Resources/Building2.png
  artifactKey: Guid(8bb1a6b3fedd3ee4bb0dc8109b081009) Importer(815301076,1909f56bfc062723c751e8b465ee728b)
Start importing Assets/Resources/Building2.png using Guid(8bb1a6b3fedd3ee4bb0dc8109b081009) Importer(815301076,1909f56bfc062723c751e8b465ee728b)  -> (artifact id: '9d5077e164a96684f2742ceb23e45071') in 0.041613 seconds 
  Import took 0.053169 seconds .

========================================================================
Received Import Request.
  Time since last request: 0.011869 seconds.
  path: Assets/Resources/Building2.png
  artifactKey: Guid(8bb1a6b3fedd3ee4bb0dc8109b081009) Importer(815301076,1909f56bfc062723c751e8b465ee728b)
Start importing Assets/Resources/Building2.png using Guid(8bb1a6b3fedd3ee4bb0dc8109b081009) Importer(815301076,1909f56bfc062723c751e8b465ee728b)  -> (artifact id: '9d5077e164a96684f2742ceb23e45071') in 0.028688 seconds 
  Import took 0.037909 seconds .

========================================================================
Received Import Request.
  Time since last request: 7.775147 seconds.
  path: Assets/Resources/Building3.png
  artifactKey: Guid(c91bdf7c89769264b813212b89eac97a) Importer(815301076,1909f56bfc062723c751e8b465ee728b)
Start importing Assets/Resources/Building3.png using Guid(c91bdf7c89769264b813212b89eac97a) Importer(815301076,1909f56bfc062723c751e8b465ee728b)  -> (artifact id: '1ea9c5cec64e611bde2a672bb17ea3a7') in 0.037556 seconds 
  Import took 0.045876 seconds .

========================================================================
Received Import Request.
  Time since last request: 0.013733 seconds.
  path: Assets/Resources/Building3.png
  artifactKey: Guid(c91bdf7c89769264b813212b89eac97a) Importer(815301076,1909f56bfc062723c751e8b465ee728b)
Start importing Assets/Resources/Building3.png using Guid(c91bdf7c89769264b813212b89eac97a) Importer(815301076,1909f56bfc062723c751e8b465ee728b)  -> (artifact id: '1ea9c5cec64e611bde2a672bb17ea3a7') in 0.026048 seconds 
  Import took 0.036365 seconds .

========================================================================
Received Import Request.
  Time since last request: 142.742246 seconds.
  path: Assets/Prefabs/Building.prefab
  artifactKey: Guid(3148db1b1c48a8646bc7526039da15cf) Importer(815301076,1909f56bfc062723c751e8b465ee728b)
Start importing Assets/Prefabs/Building.prefab using Guid(3148db1b1c48a8646bc7526039da15cf) Importer(815301076,1909f56bfc062723c751e8b465ee728b)  -> (artifact id: '15053264a742c67117cadf4be1ea8b8e') in 0.216647 seconds 
  Import took 0.227698 seconds .

========================================================================
Received Import Request.
  Time since last request: 0.000398 seconds.
  path: Assets/Prefabs/Player.prefab
  artifactKey: Guid(251de5147a7c2554285bf8eaba862058) Importer(815301076,1909f56bfc062723c751e8b465ee728b)
Start importing Assets/Prefabs/Player.prefab using Guid(251de5147a7c2554285bf8eaba862058) Importer(815301076,1909f56bfc062723c751e8b465ee728b)  -> (artifact id: '56190e8f1d814608e660a8e1a35d6f1a') in 1.752086 seconds 
  Import took 1.768424 seconds .

========================================================================
Received Import Request.
  Time since last request: 0.000407 seconds.
  path: Assets/Prefabs/Collision.prefab
  artifactKey: Guid(e2cb7658b4350b142af931634f4ed0dd) Importer(815301076,1909f56bfc062723c751e8b465ee728b)
Start importing Assets/Prefabs/Collision.prefab using Guid(e2cb7658b4350b142af931634f4ed0dd) Importer(815301076,1909f56bfc062723c751e8b465ee728b)  -> (artifact id: '7244596b31f1670a560ba4421471ba43') in 0.053241 seconds 
  Import took 0.064689 seconds .

========================================================================
Received Import Request.
  Time since last request: 9.916687 seconds.
  path: Assets/Prefabs/Building (Stamina Store).prefab
  artifactKey: Guid(1b152f042a4ed4e4baace3af8f4cc6a6) Importer(815301076,1909f56bfc062723c751e8b465ee728b)
Start importing Assets/Prefabs/Building (Stamina Store).prefab using Guid(1b152f042a4ed4e4baace3af8f4cc6a6) Importer(815301076,1909f56bfc062723c751e8b465ee728b)  -> (artifact id: '4b4fb29883ee5203ed801fc4250c4e41') in 0.053278 seconds 
  Import took 0.064140 seconds .

========================================================================
Received Import Request.
  Time since last request: 0.049943 seconds.
  path: Assets/Prefabs/Building (Stamina Store).prefab
  artifactKey: Guid(1b152f042a4ed4e4baace3af8f4cc6a6) Importer(815301076,1909f56bfc062723c751e8b465ee728b)
Start importing Assets/Prefabs/Building (Stamina Store).prefab using Guid(1b152f042a4ed4e4baace3af8f4cc6a6) Importer(815301076,1909f56bfc062723c751e8b465ee728b)  -> (artifact id: '4b4fb29883ee5203ed801fc4250c4e41') in 0.040249 seconds 
  Import took 0.049914 seconds .

========================================================================
Received Prepare
Registering precompiled user dll's ...
Registered in 0.013637 seconds.
Begin MonoManager ReloadAssembly
Native extension for WindowsStandalone target not found
Refreshing native plugins compatible for Editor in 1.61 ms, found 3 plugins.
Preloading 0 native plugins for Editor in 0.00 ms.
Mono: successfully reloaded assembly
- Completed reload, in  3.209 seconds
Platform modules already initialized, skipping
Refreshing native plugins compatible for Editor in 1.03 ms, found 3 plugins.
Preloading 0 native plugins for Editor in 0.00 ms.
Unloading 2082 Unused Serialized files (Serialized files now loaded: 0)
System memory in use before: 96.0 MB.
System memory in use after: 96.2 MB.

Unloading 16 unused Assets to reduce memory usage. Loaded Objects now: 2640.
Total: 6.399600 ms (FindLiveObjects: 0.466400 ms CreateObjectMapping: 0.217600 ms MarkObjects: 5.671700 ms  DeleteObjects: 0.041100 ms)

AssetImportParameters requested are different than current active one (requested -> active):
  custom:framework-win-MediaFoundation: 216162199b28c13a410421893ffa2e32 -> 
  custom:video-decoder-ogg-theora: a1e56fd34408186e4bbccfd4996cb3dc -> 
  custom:container-muxer-webm: aa71ff27fc2769a1b78a27578f13a17b -> 
  custom:container-demuxer-webm: 4f35f7cbe854078d1ac9338744f61a02 -> 
  custom:container-demuxer-ogg: 62fdf1f143b41e24485cea50d1cbac27 -> 
  custom:video-encoder-webm-vp8: eb34c28f22e8b96e1ab97ce403110664 -> 
  custom:video-decoder-webm-vp8: 9c59270c3fd7afecdb556c50c9e8de78 -> 
  custom:audio-decoder-ogg-vorbis: bf7c407c2cedff20999df2af8eb42d56 -> 
  custom:audio-encoder-webm-vorbis: bf7c407c2cedff20999df2af8eb42d56 -> 
========================================================================
Received Import Request.
  Time since last request: 390.625701 seconds.
  path: Assets/Resources/Building2.png
  artifactKey: Guid(8bb1a6b3fedd3ee4bb0dc8109b081009) Importer(815301076,1909f56bfc062723c751e8b465ee728b)
Start importing Assets/Resources/Building2.png using Guid(8bb1a6b3fedd3ee4bb0dc8109b081009) Importer(815301076,1909f56bfc062723c751e8b465ee728b)  -> (artifact id: 'b8587bb256883a022271aeedb115b8b6') in 0.149319 seconds 
  Import took 0.160868 seconds .

========================================================================
Received Import Request.
  Time since last request: 0.000389 seconds.
  path: Assets/Resources/PostOffice.png
  artifactKey: Guid(85fcdf65ce8d58c408363845a2f03134) Importer(815301076,1909f56bfc062723c751e8b465ee728b)
Start importing Assets/Resources/PostOffice.png using Guid(85fcdf65ce8d58c408363845a2f03134) Importer(815301076,1909f56bfc062723c751e8b465ee728b)  -> (artifact id: '14e354d7abc6d3e72ab4a1aa54037896') in 0.046958 seconds 
  Import took 0.055350 seconds .

========================================================================
Received Import Request.
  Time since last request: 848.523769 seconds.
  path: Assets/Resources/PostOffice-sheet.png
  artifactKey: Guid(e9aae2528660e0b48b7704bf57a6a5e8) Importer(815301076,1909f56bfc062723c751e8b465ee728b)
Start importing Assets/Resources/PostOffice-sheet.png using Guid(e9aae2528660e0b48b7704bf57a6a5e8) Importer(815301076,1909f56bfc062723c751e8b465ee728b)  -> (artifact id: 'c99a9b7573f9ce866028441b93238ea6') in 0.048610 seconds 
  Import took 0.058696 seconds .

========================================================================
Received Import Request.
  Time since last request: 0.000427 seconds.
  path: Assets/Resources/PostOffice.png
  artifactKey: Guid(85fcdf65ce8d58c408363845a2f03134) Importer(815301076,1909f56bfc062723c751e8b465ee728b)
Start importing Assets/Resources/PostOffice.png using Guid(85fcdf65ce8d58c408363845a2f03134) Importer(815301076,1909f56bfc062723c751e8b465ee728b)  -> (artifact id: '0a8156269e238388acd3137d4cf185e3') in 0.033894 seconds 
  Import took 0.043555 seconds .

========================================================================
Received Import Request.
  Time since last request: 99.755207 seconds.
  path: Assets/Resources/PostOffice-sheet.png
  artifactKey: Guid(e9aae2528660e0b48b7704bf57a6a5e8) Importer(815301076,1909f56bfc062723c751e8b465ee728b)
Start importing Assets/Resources/PostOffice-sheet.png using Guid(e9aae2528660e0b48b7704bf57a6a5e8) Importer(815301076,1909f56bfc062723c751e8b465ee728b)  -> (artifact id: '92269db0870a0757ffe060468b7fd3fe') in 0.028031 seconds 
  Import took 0.037892 seconds .

========================================================================
Received Import Request.
  Time since last request: 0.007353 seconds.
  path: Assets/Resources/PostOffice-sheet.png
  artifactKey: Guid(e9aae2528660e0b48b7704bf57a6a5e8) Importer(815301076,1909f56bfc062723c751e8b465ee728b)
Start importing Assets/Resources/PostOffice-sheet.png using Guid(e9aae2528660e0b48b7704bf57a6a5e8) Importer(815301076,1909f56bfc062723c751e8b465ee728b)  -> (artifact id: '92269db0870a0757ffe060468b7fd3fe') in 0.017763 seconds 
  Import took 0.025782 seconds .

========================================================================
Received Import Request.
  Time since last request: 7.964871 seconds.
  path: Assets/Resources/PostOffice-sheet.png
  artifactKey: Guid(e9aae2528660e0b48b7704bf57a6a5e8) Importer(815301076,1909f56bfc062723c751e8b465ee728b)
Start importing Assets/Resources/PostOffice-sheet.png using Guid(e9aae2528660e0b48b7704bf57a6a5e8) Importer(815301076,1909f56bfc062723c751e8b465ee728b)  -> (artifact id: '9e21e72a0bd1e846100d7d3529096612') in 0.066398 seconds 
  Import took 0.075104 seconds .

========================================================================
Received Import Request.
  Time since last request: 0.507068 seconds.
  path: Assets/Resources/PostOffice-sheet.png
  artifactKey: Guid(e9aae2528660e0b48b7704bf57a6a5e8) Importer(815301076,1909f56bfc062723c751e8b465ee728b)
Start importing Assets/Resources/PostOffice-sheet.png using Guid(e9aae2528660e0b48b7704bf57a6a5e8) Importer(815301076,1909f56bfc062723c751e8b465ee728b)  -> (artifact id: '9e21e72a0bd1e846100d7d3529096612') in 0.118136 seconds 
  Import took 0.259315 seconds .

========================================================================
Received Import Request.
  Time since last request: 531.037159 seconds.
  path: Assets/Resources/Stamina Store.png
  artifactKey: Guid(9dc0111bf21431145aaef55473c3f4e5) Importer(815301076,1909f56bfc062723c751e8b465ee728b)
Start importing Assets/Resources/Stamina Store.png using Guid(9dc0111bf21431145aaef55473c3f4e5) Importer(815301076,1909f56bfc062723c751e8b465ee728b)  -> (artifact id: '54a77396e0d309638128507f1fd9f8b7') in 0.039839 seconds 
  Import took 0.048946 seconds .

========================================================================
Received Import Request.
  Time since last request: 0.016769 seconds.
  path: Assets/Resources/Stamina Store.png
  artifactKey: Guid(9dc0111bf21431145aaef55473c3f4e5) Importer(815301076,1909f56bfc062723c751e8b465ee728b)
Start importing Assets/Resources/Stamina Store.png using Guid(9dc0111bf21431145aaef55473c3f4e5) Importer(815301076,1909f56bfc062723c751e8b465ee728b)  -> (artifact id: '54a77396e0d309638128507f1fd9f8b7') in 0.026195 seconds 
  Import took 0.037153 seconds .

========================================================================
Received Import Request.
  Time since last request: 6.142194 seconds.
  path: Assets/Resources/Stamina Store.png
  artifactKey: Guid(9dc0111bf21431145aaef55473c3f4e5) Importer(815301076,1909f56bfc062723c751e8b465ee728b)
Start importing Assets/Resources/Stamina Store.png using Guid(9dc0111bf21431145aaef55473c3f4e5) Importer(815301076,1909f56bfc062723c751e8b465ee728b)  -> (artifact id: '69e1c5b8e68d154b24ee9c8c7c916b15') in 0.036681 seconds 
  Import took 0.048374 seconds .

========================================================================
Received Import Request.
  Time since last request: 0.005009 seconds.
  path: Assets/Resources/Stamina Store.png
  artifactKey: Guid(9dc0111bf21431145aaef55473c3f4e5) Importer(815301076,1909f56bfc062723c751e8b465ee728b)
Start importing Assets/Resources/Stamina Store.png using Guid(9dc0111bf21431145aaef55473c3f4e5) Importer(815301076,1909f56bfc062723c751e8b465ee728b)  -> (artifact id: '69e1c5b8e68d154b24ee9c8c7c916b15') in 0.046276 seconds 
  Import took 0.058046 seconds .

========================================================================
Received Import Request.
  Time since last request: 674.899783 seconds.
  path: Assets/Resources/DropOff.png
  artifactKey: Guid(e88a66d84b221a944b6452eaeca6c344) Importer(815301076,1909f56bfc062723c751e8b465ee728b)
Start importing Assets/Resources/DropOff.png using Guid(e88a66d84b221a944b6452eaeca6c344) Importer(815301076,1909f56bfc062723c751e8b465ee728b)  -> (artifact id: '6920829964404a74b05ae8e94d01ae57') in 0.048331 seconds 
  Import took 0.060782 seconds .

========================================================================
Received Import Request.
  Time since last request: 16.517117 seconds.
  path: Assets/Resources/DropOff.png
  artifactKey: Guid(e88a66d84b221a944b6452eaeca6c344) Importer(815301076,1909f56bfc062723c751e8b465ee728b)
Start importing Assets/Resources/DropOff.png using Guid(e88a66d84b221a944b6452eaeca6c344) Importer(815301076,1909f56bfc062723c751e8b465ee728b)  -> (artifact id: 'b2381ec6aaf726801aa041718c23e8ee') in 0.039593 seconds 
  Import took 0.049523 seconds .

========================================================================
Received Import Request.
  Time since last request: 0.001962 seconds.
  path: Assets/Resources/DropOff.png
  artifactKey: Guid(e88a66d84b221a944b6452eaeca6c344) Importer(815301076,1909f56bfc062723c751e8b465ee728b)
Start importing Assets/Resources/DropOff.png using Guid(e88a66d84b221a944b6452eaeca6c344) Importer(815301076,1909f56bfc062723c751e8b465ee728b)  -> (artifact id: 'b2381ec6aaf726801aa041718c23e8ee') in 0.025972 seconds 
  Import took 0.035582 seconds .

========================================================================
Received Prepare
Registering precompiled user dll's ...
Registered in 0.015004 seconds.
Begin MonoManager ReloadAssembly
Native extension for WindowsStandalone target not found
Refreshing native plugins compatible for Editor in 0.90 ms, found 3 plugins.
Preloading 0 native plugins for Editor in 0.00 ms.
Mono: successfully reloaded assembly
- Completed reload, in  3.180 seconds
Platform modules already initialized, skipping
Refreshing native plugins compatible for Editor in 1.04 ms, found 3 plugins.
Preloading 0 native plugins for Editor in 0.00 ms.
Unloading 2082 Unused Serialized files (Serialized files now loaded: 0)
System memory in use before: 96.1 MB.
System memory in use after: 96.2 MB.

Unloading 16 unused Assets to reduce memory usage. Loaded Objects now: 2649.
Total: 5.638300 ms (FindLiveObjects: 0.437200 ms CreateObjectMapping: 0.134100 ms MarkObjects: 5.018500 ms  DeleteObjects: 0.045600 ms)

AssetImportParameters requested are different than current active one (requested -> active):
  custom:framework-win-MediaFoundation: 216162199b28c13a410421893ffa2e32 -> 
  custom:video-decoder-ogg-theora: a1e56fd34408186e4bbccfd4996cb3dc -> 
  custom:container-muxer-webm: aa71ff27fc2769a1b78a27578f13a17b -> 
  custom:container-demuxer-webm: 4f35f7cbe854078d1ac9338744f61a02 -> 
  custom:container-demuxer-ogg: 62fdf1f143b41e24485cea50d1cbac27 -> 
  custom:video-encoder-webm-vp8: eb34c28f22e8b96e1ab97ce403110664 -> 
  custom:video-decoder-webm-vp8: 9c59270c3fd7afecdb556c50c9e8de78 -> 
  custom:audio-decoder-ogg-vorbis: bf7c407c2cedff20999df2af8eb42d56 -> 
  custom:audio-encoder-webm-vorbis: bf7c407c2cedff20999df2af8eb42d56 -> 
========================================================================
Received Import Request.
  Time since last request: 500.604985 seconds.
  path: Assets/Resources/Player.png
  artifactKey: Guid(8ac9b05dc2e505443b3e6ec8e42d004a) Importer(815301076,1909f56bfc062723c751e8b465ee728b)
Start importing Assets/Resources/Player.png using Guid(8ac9b05dc2e505443b3e6ec8e42d004a) Importer(815301076,1909f56bfc062723c751e8b465ee728b)  -> (artifact id: '8ecb80c3c08aca89810c8bcb887907fe') in 0.294524 seconds 
  Import took 0.306927 seconds .

========================================================================
Received Prepare
Registering precompiled user dll's ...
Registered in 0.017546 seconds.
Begin MonoManager ReloadAssembly
Native extension for WindowsStandalone target not found
Refreshing native plugins compatible for Editor in 1.05 ms, found 3 plugins.
Preloading 0 native plugins for Editor in 0.00 ms.
Mono: successfully reloaded assembly
- Completed reload, in  2.895 seconds
Platform modules already initialized, skipping
Refreshing native plugins compatible for Editor in 1.06 ms, found 3 plugins.
Preloading 0 native plugins for Editor in 0.00 ms.
Unloading 2082 Unused Serialized files (Serialized files now loaded: 0)
System memory in use before: 96.1 MB.
System memory in use after: 96.2 MB.

Unloading 16 unused Assets to reduce memory usage. Loaded Objects now: 2654.
Total: 5.651100 ms (FindLiveObjects: 0.446000 ms CreateObjectMapping: 0.140100 ms MarkObjects: 5.018700 ms  DeleteObjects: 0.043500 ms)

AssetImportParameters requested are different than current active one (requested -> active):
  custom:framework-win-MediaFoundation: 216162199b28c13a410421893ffa2e32 -> 
  custom:video-decoder-ogg-theora: a1e56fd34408186e4bbccfd4996cb3dc -> 
  custom:container-muxer-webm: aa71ff27fc2769a1b78a27578f13a17b -> 
  custom:container-demuxer-webm: 4f35f7cbe854078d1ac9338744f61a02 -> 
  custom:container-demuxer-ogg: 62fdf1f143b41e24485cea50d1cbac27 -> 
  custom:video-encoder-webm-vp8: eb34c28f22e8b96e1ab97ce403110664 -> 
  custom:video-decoder-webm-vp8: 9c59270c3fd7afecdb556c50c9e8de78 -> 
  custom:audio-decoder-ogg-vorbis: bf7c407c2cedff20999df2af8eb42d56 -> 
  custom:audio-encoder-webm-vorbis: bf7c407c2cedff20999df2af8eb42d56 -> 
AssetImportWorkerClient::OnTransportError - code=2 error=End of file
